<?xml version="1.0" encoding="UTF-8"?>
<robot generator="Robot 5.0.1 (Python 3.8.10 on linux)" generated="20220923 09:03:55.982" rpa="false" schemaversion="3">
<suite id="s1" name="API-closeaccount-page-test6" source="/home/jazli/Downloads/RobotFrameWork/day8-project2/API-closeaccount-page-test6.robot">
<test id="s1-t1" name="Login To Deriv" line="8">
<kw name="Open Browser" library="SeleniumLibrary">
<arg>https://app.deriv.com/</arg>
<arg>chrome</arg>
<doc>Opens a new browser instance to the optional ``url``.</doc>
<msg timestamp="20220923 09:03:56.145" level="INFO">Opening browser 'chrome' to base url 'https://app.deriv.com/'.</msg>
<status status="PASS" starttime="20220923 09:03:56.145" endtime="20220923 09:04:04.260"/>
</kw>
<kw name="Maximize Browser Window" library="SeleniumLibrary">
<doc>Maximizes current browser window.</doc>
<status status="PASS" starttime="20220923 09:04:04.260" endtime="20220923 09:04:04.370"/>
</kw>
<kw name="Wait Until Page Contains Element" library="SeleniumLibrary">
<arg>//div[@class='btn-purchase__text_wrapper' and contains(.,'Rise')]</arg>
<arg>30</arg>
<doc>Waits until the element ``locator`` appears on the current page.</doc>
<status status="PASS" starttime="20220923 09:04:04.370" endtime="20220923 09:04:04.929"/>
</kw>
<kw name="Click Element" library="SeleniumLibrary">
<arg>dt_login_button</arg>
<doc>Click the element identified by ``locator``.</doc>
<msg timestamp="20220923 09:04:04.930" level="INFO">Clicking element 'dt_login_button'.</msg>
<status status="PASS" starttime="20220923 09:04:04.930" endtime="20220923 09:04:07.569"/>
</kw>
<kw name="Wait Until Page Contains Element" library="SeleniumLibrary">
<arg>//input[@type='email']</arg>
<arg>10</arg>
<doc>Waits until the element ``locator`` appears on the current page.</doc>
<status status="PASS" starttime="20220923 09:04:07.569" endtime="20220923 09:04:07.586"/>
</kw>
<kw name="Input Text" library="SeleniumLibrary">
<arg>//input[@type='email']</arg>
<arg>jazli+7@besquare.com.my</arg>
<doc>Types the given ``text`` into the text field identified by ``locator``.</doc>
<msg timestamp="20220923 09:04:07.587" level="INFO">Typing text 'jazli+7@besquare.com.my' into text field '//input[@type='email']'.</msg>
<status status="PASS" starttime="20220923 09:04:07.586" endtime="20220923 09:04:07.657"/>
</kw>
<kw name="Input Text" library="SeleniumLibrary">
<arg>//input[@type='password']</arg>
<arg>Besquare@22</arg>
<doc>Types the given ``text`` into the text field identified by ``locator``.</doc>
<msg timestamp="20220923 09:04:07.658" level="INFO">Typing text 'Besquare@22' into text field '//input[@type='password']'.</msg>
<status status="PASS" starttime="20220923 09:04:07.657" endtime="20220923 09:04:07.724"/>
</kw>
<kw name="Click Element" library="SeleniumLibrary">
<arg>//button[@type='submit']</arg>
<doc>Click the element identified by ``locator``.</doc>
<msg timestamp="20220923 09:04:07.724" level="INFO">Clicking element '//button[@type='submit']'.</msg>
<status status="PASS" starttime="20220923 09:04:07.724" endtime="20220923 09:04:10.135"/>
</kw>
<kw name="Wait Until Page Contains Element" library="SeleniumLibrary">
<arg>dt_core_account-info_acc-info</arg>
<arg>30</arg>
<doc>Waits until the element ``locator`` appears on the current page.</doc>
<status status="PASS" starttime="20220923 09:04:10.135" endtime="20220923 09:04:10.720"/>
</kw>
<status status="PASS" starttime="20220923 09:03:56.144" endtime="20220923 09:04:10.720"/>
</test>
<test id="s1-t2" name="Navigate To Manage Account Settings" line="19">
<kw name="Wait Until Page Does Not Contain Element" library="SeleniumLibrary">
<arg>//*[@aria-label="Loading interface..."]</arg>
<arg>30</arg>
<doc>Waits until the element ``locator`` disappears from the current page.</doc>
<status status="PASS" starttime="20220923 09:04:10.723" endtime="20220923 09:04:13.197"/>
</kw>
<kw name="Click Element" library="SeleniumLibrary">
<arg>//*[@class="dc-icon"]</arg>
<doc>Click the element identified by ``locator``.</doc>
<msg timestamp="20220923 09:04:13.197" level="INFO">Clicking element '//*[@class="dc-icon"]'.</msg>
<status status="PASS" starttime="20220923 09:04:13.197" endtime="20220923 09:04:13.378"/>
</kw>
<status status="PASS" starttime="20220923 09:04:10.722" endtime="20220923 09:04:13.379"/>
</test>
<test id="s1-t3" name="Navigate To Close Your Account Page" line="23">
<kw name="Wait Until Page Contains Element" library="SeleniumLibrary">
<arg>//*[@class="dc-vertical-tab__tab dc-vertical-tab__tab--floating"]</arg>
<arg>20</arg>
<doc>Waits until the element ``locator`` appears on the current page.</doc>
<status status="PASS" starttime="20220923 09:04:13.382" endtime="20220923 09:04:13.825"/>
</kw>
<kw name="Wait Until Page Contains Element" library="SeleniumLibrary">
<arg>//*[@class="dc-vertical-tab__header dc-vertical-tab__header--floating" and contains(.,"Close your account")]</arg>
<arg>20</arg>
<doc>Waits until the element ``locator`` appears on the current page.</doc>
<status status="PASS" starttime="20220923 09:04:13.825" endtime="20220923 09:04:13.851"/>
</kw>
<kw name="Click Element" library="SeleniumLibrary">
<arg>//*[@class="dc-vertical-tab__header dc-vertical-tab__header--floating" and contains(.,"Close your account")]</arg>
<doc>Click the element identified by ``locator``.</doc>
<msg timestamp="20220923 09:04:13.852" level="INFO">Clicking element '//*[@class="dc-vertical-tab__header dc-vertical-tab__header--floating" and contains(.,"Close your account")]'.</msg>
<status status="PASS" starttime="20220923 09:04:13.852" endtime="20220923 09:04:13.990"/>
</kw>
<status status="PASS" starttime="20220923 09:04:13.380" endtime="20220923 09:04:13.990"/>
</test>
<test id="s1-t4" name="Click &quot;Close My Account&quot;" line="28">
<kw name="Wait Until Page Contains Element" library="SeleniumLibrary">
<arg>//*[@class="dc-btn dc-btn--primary dc-btn__large closing-account__button--close-account"]</arg>
<arg>20</arg>
<doc>Waits until the element ``locator`` appears on the current page.</doc>
<status status="PASS" starttime="20220923 09:04:13.991" endtime="20220923 09:04:14.009"/>
</kw>
<kw name="Click Element" library="SeleniumLibrary">
<arg>//*[@class="dc-btn dc-btn--primary dc-btn__large closing-account__button--close-account"]</arg>
<doc>Click the element identified by ``locator``.</doc>
<msg timestamp="20220923 09:04:14.010" level="INFO">Clicking element '//*[@class="dc-btn dc-btn--primary dc-btn__large closing-account__button--close-account"]'.</msg>
<status status="PASS" starttime="20220923 09:04:14.009" endtime="20220923 09:04:14.091"/>
</kw>
<status status="PASS" starttime="20220923 09:04:13.991" endtime="20220923 09:04:14.091"/>
</test>
<test id="s1-t5" name="Tick (3 Reasons)" line="32">
<kw name="Wait Until Page Contains Element" library="SeleniumLibrary">
<arg>//*[@class="dc-checkbox__box"]</arg>
<arg>20</arg>
<doc>Waits until the element ``locator`` appears on the current page.</doc>
<status status="PASS" starttime="20220923 09:04:14.100" endtime="20220923 09:04:14.120"/>
</kw>
<kw name="Click Element" library="SeleniumLibrary">
<arg>//*[@class="dc-checkbox__box"]</arg>
<doc>Click the element identified by ``locator``.</doc>
<msg timestamp="20220923 09:04:14.121" level="INFO">Clicking element '//*[@class="dc-checkbox__box"]'.</msg>
<status status="PASS" starttime="20220923 09:04:14.120" endtime="20220923 09:04:14.189"/>
</kw>
<kw name="Wait Until Page Contains Element" library="SeleniumLibrary">
<arg>//*[@class="dc-checkbox__box"]</arg>
<arg>20</arg>
<doc>Waits until the element ``locator`` appears on the current page.</doc>
<status status="PASS" starttime="20220923 09:04:14.189" endtime="20220923 09:04:14.236"/>
</kw>
<kw name="Click Element" library="SeleniumLibrary">
<arg>//*[@class="dc-checkbox__box"]</arg>
<doc>Click the element identified by ``locator``.</doc>
<msg timestamp="20220923 09:04:14.236" level="INFO">Clicking element '//*[@class="dc-checkbox__box"]'.</msg>
<status status="PASS" starttime="20220923 09:04:14.236" endtime="20220923 09:04:14.301"/>
</kw>
<kw name="Wait Until Page Contains Element" library="SeleniumLibrary">
<arg>//*[@class="dc-checkbox__box"]</arg>
<arg>20</arg>
<doc>Waits until the element ``locator`` appears on the current page.</doc>
<status status="PASS" starttime="20220923 09:04:14.301" endtime="20220923 09:04:14.345"/>
</kw>
<kw name="Click Element" library="SeleniumLibrary">
<arg>//*[@class="dc-checkbox__box"]</arg>
<doc>Click the element identified by ``locator``.</doc>
<msg timestamp="20220923 09:04:14.346" level="INFO">Clicking element '//*[@class="dc-checkbox__box"]'.</msg>
<status status="PASS" starttime="20220923 09:04:14.346" endtime="20220923 09:04:14.473"/>
</kw>
<status status="PASS" starttime="20220923 09:04:14.099" endtime="20220923 09:04:14.473"/>
</test>
<test id="s1-t6" name="Fill In First Question In Box" line="40">
<kw name="Wait Until Page Contains Element" library="SeleniumLibrary">
<arg>//*[@name="other_trading_platforms"]</arg>
<arg>20</arg>
<doc>Waits until the element ``locator`` appears on the current page.</doc>
<status status="PASS" starttime="20220923 09:04:14.475" endtime="20220923 09:04:14.490"/>
</kw>
<kw name="Click Element" library="SeleniumLibrary">
<arg>//*[@name="other_trading_platforms"]</arg>
<doc>Click the element identified by ``locator``.</doc>
<msg timestamp="20220923 09:04:14.491" level="INFO">Clicking element '//*[@name="other_trading_platforms"]'.</msg>
<status status="PASS" starttime="20220923 09:04:14.491" endtime="20220923 09:04:14.541"/>
</kw>
<kw name="Press Keys" library="SeleniumLibrary">
<arg>//*[@name="other_trading_platforms"]</arg>
<arg>Hello World</arg>
<doc>Simulates the user pressing key(s) to an element or on the active browser.</doc>
<msg timestamp="20220923 09:04:14.543" level="INFO">Sending key(s) ('Hello World',) to //*[@name="other_trading_platforms"] element.</msg>
<msg timestamp="20220923 09:04:14.850" level="INFO">Sending keys Hello World</msg>
<status status="PASS" starttime="20220923 09:04:14.541" endtime="20220923 09:04:14.967"/>
</kw>
<status status="PASS" starttime="20220923 09:04:14.475" endtime="20220923 09:04:14.967"/>
</test>
<test id="s1-t7" name="Fill In Second Question In Box" line="45">
<kw name="Wait Until Page Contains Element" library="SeleniumLibrary">
<arg>//*[@name="do_to_improve"]</arg>
<arg>20</arg>
<doc>Waits until the element ``locator`` appears on the current page.</doc>
<status status="PASS" starttime="20220923 09:04:14.969" endtime="20220923 09:04:14.980"/>
</kw>
<kw name="Click Element" library="SeleniumLibrary">
<arg>//*[@name="do_to_improve"]</arg>
<doc>Click the element identified by ``locator``.</doc>
<msg timestamp="20220923 09:04:14.981" level="INFO">Clicking element '//*[@name="do_to_improve"]'.</msg>
<status status="PASS" starttime="20220923 09:04:14.981" endtime="20220923 09:04:15.022"/>
</kw>
<kw name="Press Keys" library="SeleniumLibrary">
<arg>//*[@name="do_to_improve"]</arg>
<arg>Hello World</arg>
<doc>Simulates the user pressing key(s) to an element or on the active browser.</doc>
<msg timestamp="20220923 09:04:15.023" level="INFO">Sending key(s) ('Hello World',) to //*[@name="do_to_improve"] element.</msg>
<msg timestamp="20220923 09:04:15.315" level="INFO">Sending keys Hello World</msg>
<status status="PASS" starttime="20220923 09:04:15.022" endtime="20220923 09:04:15.435"/>
</kw>
<status status="PASS" starttime="20220923 09:04:14.968" endtime="20220923 09:04:15.435"/>
</test>
<status status="PASS" starttime="20220923 09:03:55.982" endtime="20220923 09:04:15.437"/>
</suite>
<statistics>
<total>
<stat pass="7" fail="0" skip="0">All Tests</stat>
</total>
<tag>
</tag>
<suite>
<stat pass="7" fail="0" skip="0" id="s1" name="API-closeaccount-page-test6">API-closeaccount-page-test6</stat>
</suite>
</statistics>
<errors>
</errors>
</robot>
